2025-06-22T08:42:42.152Z [INFO] [VectorManager] Initializing VectorManager...
2025-06-22T08:42:42.154Z [INFO] [VectorManager] Production mode: full VectorManager initialization
2025-06-22T08:42:42.155Z [INFO] [VectorManager] PathEncryption disabled, using passthrough mode
2025-06-22T08:42:42.163Z [INFO] [VectorManager] Database disabled or API-only mode, skipping VectorDB initialization
2025-06-22T08:42:42.164Z [INFO] [VectorManager] VectorManager initialized successfully
2025-06-22T08:42:47.058Z [INFO] [VectorManager] Received SIGINT signal, initiating graceful shutdown...
2025-06-22T08:42:47.060Z [INFO] [VectorManager] Shutting down VectorManager...
2025-06-22T08:42:47.062Z [INFO] [VectorManager] Waiting for ongoing operations to complete...
2025-06-22T08:42:49.080Z [INFO] [VectorManager] PathEncryption cleanup completed (no explicit shutdown needed)
2025-06-22T08:42:49.082Z [INFO] [VectorManager] VectorManager shutdown completed
2025-06-22T08:42:57.016Z [INFO] [VectorManager] Initializing VectorManager...
2025-06-22T08:42:57.018Z [INFO] [VectorManager] Production mode: full VectorManager initialization
2025-06-22T08:42:57.019Z [INFO] [VectorManager] PathEncryption disabled, using passthrough mode
2025-06-22T08:42:57.025Z [INFO] [VectorManager] Database disabled or API-only mode, skipping VectorDB initialization
2025-06-22T08:42:57.026Z [INFO] [VectorManager] VectorManager initialized successfully
2025-06-22T09:04:08.198Z [INFO] [VectorManager] Initializing VectorManager...
2025-06-22T09:04:08.199Z [INFO] [VectorManager] Production mode: full VectorManager initialization
2025-06-22T09:04:08.200Z [INFO] [VectorManager] PathEncryption disabled, using passthrough mode
2025-06-22T09:04:08.203Z [INFO] [VectorManager] Database disabled or API-only mode, skipping VectorDB initialization
2025-06-22T09:04:08.203Z [INFO] [VectorManager] VectorManager initialized successfully
2025-06-22T09:04:11.239Z [INFO] [VectorManager] Received SIGINT signal, initiating graceful shutdown...
2025-06-22T09:04:11.240Z [INFO] [VectorManager] Shutting down VectorManager...
2025-06-22T09:04:11.241Z [INFO] [VectorManager] Waiting for ongoing operations to complete...
2025-06-22T09:04:13.247Z [INFO] [VectorManager] PathEncryption cleanup completed (no explicit shutdown needed)
2025-06-22T09:04:13.248Z [INFO] [VectorManager] VectorManager shutdown completed
2025-06-22T09:04:30.667Z [INFO] [VectorManager] Initializing VectorManager...
2025-06-22T09:04:30.667Z [INFO] [VectorManager] Production mode: full VectorManager initialization
2025-06-22T09:04:30.668Z [INFO] [VectorManager] PathEncryption disabled, using passthrough mode
2025-06-22T09:04:30.670Z [INFO] [VectorManager] Database disabled or API-only mode, skipping VectorDB initialization
2025-06-22T09:04:30.671Z [INFO] [VectorManager] VectorManager initialized successfully
2025-06-22T09:07:31.733Z [INFO] [VectorManager] Initializing VectorManager...
2025-06-22T09:07:31.734Z [INFO] [VectorManager] Production mode: full VectorManager initialization
2025-06-22T09:07:31.734Z [INFO] [VectorManager] PathEncryption disabled, using passthrough mode
2025-06-22T09:07:31.736Z [INFO] [VectorManager] Database disabled or API-only mode, skipping VectorDB initialization
2025-06-22T09:07:31.737Z [INFO] [VectorManager] VectorManager initialized successfully
2025-06-22T09:14:08.823Z [INFO] [VectorManager] Shutting down VectorManager...
2025-06-22T09:14:08.824Z [INFO] [VectorManager] Waiting for ongoing operations to complete...
2025-06-22T09:14:10.827Z [INFO] [VectorManager] PathEncryption cleanup completed (no explicit shutdown needed)
2025-06-22T09:14:10.830Z [INFO] [VectorManager] VectorManager shutdown completed
